[0m13:33:20.062726 [debug] [MainThread]: Sending event: {'category': 'dbt', 'action': 'invocation', 'label': 'start', 'context': [<snowplow_tracker.self_describing_json.SelfDescribingJson object at 0x11afcc4f0>, <snowplow_tracker.self_describing_json.SelfDescribingJson object at 0x11d2b7070>, <snowplow_tracker.self_describing_json.SelfDescribingJson object at 0x11d2b6950>]}


============================== 13:33:20.066705 | fe85c1db-8816-4660-b351-bc8d1f77d852 ==============================
[0m13:33:20.066705 [info ] [MainThread]: Running with dbt=1.8.3
[0m13:33:20.067290 [debug] [MainThread]: running dbt with arguments {'printer_width': '80', 'indirect_selection': 'eager', 'write_json': 'True', 'log_cache_events': 'False', 'partial_parse': 'True', 'cache_selected_only': 'False', 'warn_error': 'None', 'version_check': 'True', 'fail_fast': 'False', 'log_path': 'logs', 'profiles_dir': '/Users/darshanuttammistry/.dbt', 'debug': 'False', 'use_colors': 'True', 'use_experimental_parser': 'False', 'no_print': 'None', 'quiet': 'False', 'empty': 'None', 'log_format': 'default', 'introspect': 'True', 'invocation_command': 'dbt init data_pipeline', 'warn_error_options': 'WarnErrorOptions(include=[], exclude=[])', 'target_path': 'None', 'static_parser': 'True', 'send_anonymous_usage_stats': 'True'}
[0m13:33:20.080530 [debug] [MainThread]: Starter project path: /Users/darshanuttammistry/opt/anaconda3/envs/env1/lib/python3.10/site-packages/dbt/include/starter_project
[0m13:33:20.085561 [info ] [MainThread]: 
Your new dbt project "data_pipeline" was created!

For more information on how to configure the profiles.yml file,
please consult the dbt documentation here:

  https://docs.getdbt.com/docs/configure-your-profile

One more thing:

Need help? Don't hesitate to reach out to us via GitHub issues or on Slack:

  https://community.getdbt.com/

Happy modeling!

[0m13:33:20.085979 [info ] [MainThread]: Setting up your profile.
[0m13:35:18.509117 [info ] [MainThread]: Profile data_pipeline written to /Users/darshanuttammistry/.dbt/profiles.yml using target's profile_template.yml and your supplied values. Run 'dbt debug' to validate the connection.
[0m13:35:18.518607 [debug] [MainThread]: Resource report: {"command_name": "init", "command_success": true, "command_wall_clock_time": 118.520905, "process_user_time": 1.620389, "process_kernel_time": 0.377503, "process_mem_max_rss": "163151872", "process_in_blocks": "0", "process_out_blocks": "0"}
[0m13:35:18.520036 [debug] [MainThread]: Command `dbt init` succeeded at 13:35:18.519838 after 118.52 seconds
[0m13:35:18.521105 [debug] [MainThread]: Sending event: {'category': 'dbt', 'action': 'invocation', 'label': 'end', 'context': [<snowplow_tracker.self_describing_json.SelfDescribingJson object at 0x11afcc4f0>, <snowplow_tracker.self_describing_json.SelfDescribingJson object at 0x11d2b7070>, <snowplow_tracker.self_describing_json.SelfDescribingJson object at 0x11bc45c60>]}
[0m13:35:18.521871 [debug] [MainThread]: Flushing usage events
[0m13:35:28.550171 [debug] [MainThread]: Sending event: {'category': 'dbt', 'action': 'invocation', 'label': 'start', 'context': [<snowplow_tracker.self_describing_json.SelfDescribingJson object at 0x1302cc5e0>, <snowplow_tracker.self_describing_json.SelfDescribingJson object at 0x131cf3160>, <snowplow_tracker.self_describing_json.SelfDescribingJson object at 0x131cf2a40>]}


============================== 13:35:28.554294 | bb08969e-6742-4fb6-aaef-766ed388aaeb ==============================
[0m13:35:28.554294 [info ] [MainThread]: Running with dbt=1.8.3
[0m13:35:28.554877 [debug] [MainThread]: running dbt with arguments {'printer_width': '80', 'indirect_selection': 'eager', 'log_cache_events': 'False', 'write_json': 'True', 'partial_parse': 'True', 'cache_selected_only': 'False', 'profiles_dir': '/Users/darshanuttammistry/.dbt', 'debug': 'False', 'fail_fast': 'False', 'log_path': 'logs', 'warn_error': 'None', 'version_check': 'True', 'use_colors': 'True', 'use_experimental_parser': 'False', 'empty': 'None', 'quiet': 'False', 'no_print': 'None', 'warn_error_options': 'WarnErrorOptions(include=[], exclude=[])', 'introspect': 'True', 'log_format': 'default', 'static_parser': 'True', 'target_path': 'None', 'invocation_command': 'dbt debug', 'send_anonymous_usage_stats': 'True'}
[0m13:35:28.568504 [info ] [MainThread]: dbt version: 1.8.3
[0m13:35:28.568955 [info ] [MainThread]: python version: 3.10.8
[0m13:35:28.569271 [info ] [MainThread]: python path: /Users/darshanuttammistry/opt/anaconda3/envs/env1/bin/python
[0m13:35:28.569567 [info ] [MainThread]: os info: macOS-14.5-arm64-arm-64bit
[0m13:35:29.465000 [info ] [MainThread]: Using profiles dir at /Users/darshanuttammistry/.dbt
[0m13:35:29.465491 [info ] [MainThread]: Using profiles.yml file at /Users/darshanuttammistry/.dbt/profiles.yml
[0m13:35:29.465816 [info ] [MainThread]: Using dbt_project.yml file at /Users/darshanuttammistry/Developer/projects/DAG/dbt_project.yml
[0m13:35:29.466207 [error] [MainThread]: Encountered an error:
Internal Error
  Profile should not be None if loading profile completed
[0m13:35:29.468984 [debug] [MainThread]: Resource report: {"command_name": "debug", "command_wall_clock_time": 0.9818989, "process_user_time": 1.77318, "process_kernel_time": 0.296014, "process_mem_max_rss": "163577856", "command_success": false, "process_in_blocks": "0", "process_out_blocks": "0"}
[0m13:35:29.469570 [debug] [MainThread]: Command `dbt debug` failed at 13:35:29.469474 after 0.98 seconds
[0m13:35:29.469942 [debug] [MainThread]: Sending event: {'category': 'dbt', 'action': 'invocation', 'label': 'end', 'context': [<snowplow_tracker.self_describing_json.SelfDescribingJson object at 0x1302cc5e0>, <snowplow_tracker.self_describing_json.SelfDescribingJson object at 0x131d98640>, <snowplow_tracker.self_describing_json.SelfDescribingJson object at 0x1427c6590>]}
[0m13:35:29.470303 [debug] [MainThread]: Flushing usage events
[0m13:36:10.547759 [debug] [MainThread]: Sending event: {'category': 'dbt', 'action': 'invocation', 'label': 'start', 'context': [<snowplow_tracker.self_describing_json.SelfDescribingJson object at 0x118a605b0>, <snowplow_tracker.self_describing_json.SelfDescribingJson object at 0x11a183100>, <snowplow_tracker.self_describing_json.SelfDescribingJson object at 0x11a1829e0>]}


============================== 13:36:10.551984 | 7d95ee37-bf42-4e38-9c1b-3364bad2da7f ==============================
[0m13:36:10.551984 [info ] [MainThread]: Running with dbt=1.8.3
[0m13:36:10.552626 [debug] [MainThread]: running dbt with arguments {'printer_width': '80', 'indirect_selection': 'eager', 'write_json': 'True', 'log_cache_events': 'False', 'partial_parse': 'True', 'cache_selected_only': 'False', 'profiles_dir': '/Users/darshanuttammistry/.dbt', 'debug': 'False', 'version_check': 'True', 'log_path': 'logs', 'fail_fast': 'False', 'warn_error': 'None', 'use_colors': 'True', 'use_experimental_parser': 'False', 'no_print': 'None', 'quiet': 'False', 'empty': 'None', 'warn_error_options': 'WarnErrorOptions(include=[], exclude=[])', 'static_parser': 'True', 'invocation_command': 'dbt debug', 'log_format': 'default', 'target_path': 'None', 'introspect': 'True', 'send_anonymous_usage_stats': 'True'}
[0m13:36:10.566290 [info ] [MainThread]: dbt version: 1.8.3
[0m13:36:10.566765 [info ] [MainThread]: python version: 3.10.8
[0m13:36:10.567092 [info ] [MainThread]: python path: /Users/darshanuttammistry/opt/anaconda3/envs/env1/bin/python
[0m13:36:10.567395 [info ] [MainThread]: os info: macOS-14.5-arm64-arm-64bit
[0m13:36:11.469294 [info ] [MainThread]: Using profiles dir at /Users/darshanuttammistry/.dbt
[0m13:36:11.469790 [info ] [MainThread]: Using profiles.yml file at /Users/darshanuttammistry/.dbt/profiles.yml
[0m13:36:11.470112 [info ] [MainThread]: Using dbt_project.yml file at /Users/darshanuttammistry/Developer/projects/DAG/dbt_project.yml
[0m13:36:11.470746 [info ] [MainThread]: adapter type: snowflake
[0m13:36:11.471051 [info ] [MainThread]: adapter version: 1.8.3
[0m13:36:11.471340 [info ] [MainThread]: Configuration:
[0m13:36:11.471616 [info ] [MainThread]:   profiles.yml file [[32mOK found and valid[0m]
[0m13:36:11.471905 [info ] [MainThread]:   dbt_project.yml file [[31mERROR not found[0m]
[0m13:36:11.472173 [info ] [MainThread]: Required dependencies:
[0m13:36:11.472491 [debug] [MainThread]: Executing "git --help"
[0m13:36:11.513225 [debug] [MainThread]: STDOUT: "b"usage: git [-v | --version] [-h | --help] [-C <path>] [-c <name>=<value>]\n           [--exec-path[=<path>]] [--html-path] [--man-path] [--info-path]\n           [-p | --paginate | -P | --no-pager] [--no-replace-objects] [--bare]\n           [--git-dir=<path>] [--work-tree=<path>] [--namespace=<name>]\n           [--super-prefix=<path>] [--config-env=<name>=<envvar>]\n           <command> [<args>]\n\nThese are common Git commands used in various situations:\n\nstart a working area (see also: git help tutorial)\n   clone     Clone a repository into a new directory\n   init      Create an empty Git repository or reinitialize an existing one\n\nwork on the current change (see also: git help everyday)\n   add       Add file contents to the index\n   mv        Move or rename a file, a directory, or a symlink\n   restore   Restore working tree files\n   rm        Remove files from the working tree and from the index\n\nexamine the history and state (see also: git help revisions)\n   bisect    Use binary search to find the commit that introduced a bug\n   diff      Show changes between commits, commit and working tree, etc\n   grep      Print lines matching a pattern\n   log       Show commit logs\n   show      Show various types of objects\n   status    Show the working tree status\n\ngrow, mark and tweak your common history\n   branch    List, create, or delete branches\n   commit    Record changes to the repository\n   merge     Join two or more development histories together\n   rebase    Reapply commits on top of another base tip\n   reset     Reset current HEAD to the specified state\n   switch    Switch branches\n   tag       Create, list, delete or verify a tag object signed with GPG\n\ncollaborate (see also: git help workflows)\n   fetch     Download objects and refs from another repository\n   pull      Fetch from and integrate with another repository or a local branch\n   push      Update remote refs along with associated objects\n\n'git help -a' and 'git help -g' list available subcommands and some\nconcept guides. See 'git help <command>' or 'git help <concept>'\nto read about a specific subcommand or concept.\nSee 'git help git' for an overview of the system.\n""
[0m13:36:11.514103 [debug] [MainThread]: STDERR: "b''"
[0m13:36:11.514495 [info ] [MainThread]:  - git [[32mOK found[0m]

[0m13:36:11.514841 [info ] [MainThread]: Connection:
[0m13:36:11.515185 [info ] [MainThread]:   account: KAB16539
[0m13:36:11.515463 [info ] [MainThread]:   user: dbt_user
[0m13:36:11.515735 [info ] [MainThread]:   database: dbt_db
[0m13:36:11.516003 [info ] [MainThread]:   warehouse: dbt_wh
[0m13:36:11.516268 [info ] [MainThread]:   role: dbt_role
[0m13:36:11.516529 [info ] [MainThread]:   schema: dbt_schema
[0m13:36:11.516791 [info ] [MainThread]:   authenticator: None
[0m13:36:11.517055 [info ] [MainThread]:   oauth_client_id: None
[0m13:36:11.517318 [info ] [MainThread]:   query_tag: None
[0m13:36:11.517580 [info ] [MainThread]:   client_session_keep_alive: False
[0m13:36:11.517837 [info ] [MainThread]:   host: None
[0m13:36:11.518094 [info ] [MainThread]:   port: None
[0m13:36:11.518355 [info ] [MainThread]:   proxy_host: None
[0m13:36:11.518611 [info ] [MainThread]:   proxy_port: None
[0m13:36:11.518879 [info ] [MainThread]:   protocol: None
[0m13:36:11.519143 [info ] [MainThread]:   connect_retries: 1
[0m13:36:11.519556 [info ] [MainThread]:   connect_timeout: None
[0m13:36:11.519920 [info ] [MainThread]:   retry_on_database_errors: False
[0m13:36:11.520217 [info ] [MainThread]:   retry_all: False
[0m13:36:11.520501 [info ] [MainThread]:   insecure_mode: False
[0m13:36:11.520770 [info ] [MainThread]:   reuse_connections: None
[0m13:36:11.521437 [info ] [MainThread]: Registered adapter: snowflake=1.8.3
[0m13:36:11.567354 [debug] [MainThread]: Acquiring new snowflake connection 'debug'
[0m13:36:11.569622 [debug] [MainThread]: Using snowflake connection "debug"
[0m13:36:11.569996 [debug] [MainThread]: On debug: select 1 as id
[0m13:36:11.570307 [debug] [MainThread]: Opening a new connection, currently in state init
[0m13:36:12.267034 [debug] [MainThread]: SQL status: SUCCESS 1 in 1.0 seconds
[0m13:36:12.270017 [debug] [MainThread]: On debug: Close
[0m13:36:12.416646 [info ] [MainThread]:   Connection test: [[32mOK connection ok[0m]

[0m13:36:12.417711 [info ] [MainThread]: [31m1 check failed:[0m
[0m13:36:12.418295 [info ] [MainThread]: Project loading failed for the following reason:
 project path </Users/darshanuttammistry/Developer/projects/DAG/dbt_project.yml> not found

[0m13:36:12.424068 [debug] [MainThread]: Resource report: {"command_name": "debug", "command_wall_clock_time": 1.9363425, "process_user_time": 1.817991, "process_kernel_time": 0.307068, "process_mem_max_rss": "165167104", "command_success": false, "process_in_blocks": "0", "process_out_blocks": "0"}
[0m13:36:12.425362 [debug] [MainThread]: Command `dbt debug` failed at 13:36:12.425145 after 1.94 seconds
[0m13:36:12.426082 [debug] [MainThread]: Connection 'debug' was properly closed.
[0m13:36:12.426707 [debug] [MainThread]: Sending event: {'category': 'dbt', 'action': 'invocation', 'label': 'end', 'context': [<snowplow_tracker.self_describing_json.SelfDescribingJson object at 0x118a605b0>, <snowplow_tracker.self_describing_json.SelfDescribingJson object at 0x120063130>, <snowplow_tracker.self_describing_json.SelfDescribingJson object at 0x120526980>]}
[0m13:36:12.427286 [debug] [MainThread]: Flushing usage events
